<?xml version="1.0" encoding="UTF-8"?>
<testsuite xmlns:xsi="http://www.w3.org/2001/XMLSchema-instance" xsi:noNamespaceSchemaLocation="https://maven.apache.org/surefire/maven-surefire-plugin/xsd/surefire-test-report.xsd" name="runner.TestRunner" time="6.146" tests="9" errors="0" skipped="2" failures="0">
  <properties>
[...]
</properties>
  <testcase name="Given I navigate to DigiMarketPlace Website" classname="Scenario: Login with correct username and password" time="0.001"/>
  <testcase name="And I click on Login button as Email: admin" classname="Scenario: Login with correct username and password" time="0"/>
  <testcase name="And I enter Username and Password" classname="Scenario: Login with correct username and password" time="0"/>
  <testcase name="Then I should be routed to User Dashboard page" classname="Scenario: Login with correct username and password" time="0"/>
  <testcase name="Scenario: Login with correct username and password" classname="Scenario: Login with correct username and password" time="0.001"/>
  <testcase name="Given I enter invalid Username and Password" classname="Scenario: Login with incorrect username and password" time="0"/>
  <testcase name="Then I should be in bad page" classname="Scenario: Login with incorrect username and password" time="0">
    <skipped/>
  </testcase>
  <testcase name="Scenario: Login with incorrect username and password" classname="Scenario: Login with incorrect username and password" time="0">
    <skipped/>
  </testcase>
  <testcase name="Scenario: Login with incorrect username and password" classname="Scenario: Login with incorrect username and password" time="0.002"/>
</testsuite>